<?xml version="1.0" encoding="UTF-8"?>
<testsuite name="com.demo.jvmrestore.springbootdemojvmrestore.SpringBootDemoJvmRestoreApplicationTests" tests="1" skipped="0" failures="0" errors="0" timestamp="2024-03-24T16:48:53" hostname="BR0C02H910C0KPF" time="0.442">
  <properties/>
  <testcase name="contextLoads()" classname="com.demo.jvmrestore.springbootdemojvmrestore.SpringBootDemoJvmRestoreApplicationTests" time="0.442"/>
  <system-out><![CDATA[13:48:52.989 [Test worker] INFO org.springframework.test.context.support.AnnotationConfigContextLoaderUtils -- Could not detect default configuration classes for test class [com.demo.jvmrestore.springbootdemojvmrestore.SpringBootDemoJvmRestoreApplicationTests]: SpringBootDemoJvmRestoreApplicationTests does not declare any static, non-private, non-final, nested classes annotated with @Configuration.
13:48:53.040 [Test worker] INFO org.springframework.boot.test.context.SpringBootTestContextBootstrapper -- Found @SpringBootConfiguration com.demo.jvmrestore.springbootdemojvmrestore.SpringBootDemoJvmRestoreApplication for test class com.demo.jvmrestore.springbootdemojvmrestore.SpringBootDemoJvmRestoreApplicationTests

  .   ____          _            __ _ _
 /\\ / ___'_ __ _ _(_)_ __  __ _ \ \ \ \
( ( )\___ | '_ | '_| | '_ \/ _` | \ \ \ \
 \\/  ___)| |_)| | | | | || (_| |  ) ) ) )
  '  |____| .__|_| |_|_| |_\__, | / / / /
 =========|_|==============|___/=/_/_/_/
 :: Spring Boot ::                (v3.2.4)

2024-03-24T13:48:53.210-03:00  INFO 99618 --- [spring-boot-demo-jvm-restore] [    Test worker] SpringBootDemoJvmRestoreApplicationTests : Starting SpringBootDemoJvmRestoreApplicationTests using Java 21.0.2 with PID 99618 (started by marcelgarcia in /Users/marcelgarcia/Documents/workspace-marcelo/spring-boot-demo-jvm-restore)
2024-03-24T13:48:53.210-03:00  INFO 99618 --- [spring-boot-demo-jvm-restore] [    Test worker] SpringBootDemoJvmRestoreApplicationTests : No active profile set, falling back to 1 default profile: "default"
2024-03-24T13:48:53.681-03:00  INFO 99618 --- [spring-boot-demo-jvm-restore] [    Test worker] SpringBootDemoJvmRestoreApplicationTests : Started SpringBootDemoJvmRestoreApplicationTests in 0.582 seconds (process running for 1.1)
]]></system-out>
  <system-err><![CDATA[WARNING: A Java agent has been loaded dynamically (/Users/marcelgarcia/.gradle/caches/modules-2/files-2.1/net.bytebuddy/byte-buddy-agent/1.14.12/be4984cb6fd1ef1d11f218a648889dfda44b8a15/byte-buddy-agent-1.14.12.jar)
WARNING: If a serviceability tool is in use, please run with -XX:+EnableDynamicAgentLoading to hide this warning
WARNING: If a serviceability tool is not in use, please run with -Djdk.instrument.traceUsage for more information
WARNING: Dynamic loading of agents will be disallowed by default in a future release
]]></system-err>
</testsuite>
